  InitShader.cpp
  main.cpp
C:\Users\tuan2\Videos\congxuong\OpenGL\main.cpp(50,31): warning C4305: 'argument': truncation from 'double' to 'const float'
C:\Users\tuan2\Videos\congxuong\OpenGL\main.cpp(57,40): warning C4305: 'argument': truncation from 'double' to 'GLfloat'
C:\Users\tuan2\Videos\congxuong\OpenGL\main.cpp(62,43): warning C4305: 'argument': truncation from 'double' to 'GLfloat'
C:\Users\tuan2\Videos\congxuong\OpenGL\main.cpp(63,44): warning C4305: 'argument': truncation from 'double' to 'GLfloat'
C:\Users\tuan2\Videos\congxuong\OpenGL\main.cpp(194,48): warning C4305: 'argument': truncation from 'double' to 'const GLfloat'
C:\Users\tuan2\Videos\congxuong\OpenGL\main.cpp(199,30): warning C4305: 'argument': truncation from 'double' to 'const GLfloat'
C:\Users\tuan2\Videos\congxuong\OpenGL\main.cpp(199,50): warning C4305: 'argument': truncation from 'double' to 'const GLfloat'
C:\Users\tuan2\Videos\congxuong\OpenGL\main.cpp(204,30): warning C4305: 'argument': truncation from 'double' to 'const GLfloat'
C:\Users\tuan2\Videos\congxuong\OpenGL\main.cpp(204,51): warning C4305: 'argument': truncation from 'double' to 'const GLfloat'
C:\Users\tuan2\Videos\congxuong\OpenGL\main.cpp(209,51): warning C4305: 'argument': truncation from 'double' to 'const GLfloat'
C:\Users\tuan2\Videos\congxuong\OpenGL\main.cpp(222,33): warning C4305: 'argument': truncation from 'double' to 'const GLfloat'
C:\Users\tuan2\Videos\congxuong\OpenGL\main.cpp(222,57): warning C4305: 'argument': truncation from 'double' to 'const GLfloat'
C:\Users\tuan2\Videos\congxuong\OpenGL\main.cpp(229,33): warning C4305: 'argument': truncation from 'double' to 'const GLfloat'
C:\Users\tuan2\Videos\congxuong\OpenGL\main.cpp(229,88): warning C4305: 'argument': truncation from 'double' to 'const GLfloat'
C:\Users\tuan2\Videos\congxuong\OpenGL\main.cpp(229,114): warning C4305: 'argument': truncation from 'double' to 'const GLfloat'
C:\Users\tuan2\Videos\congxuong\OpenGL\main.cpp(234,33): warning C4305: 'argument': truncation from 'double' to 'const GLfloat'
C:\Users\tuan2\Videos\congxuong\OpenGL\main.cpp(234,85): warning C4305: 'argument': truncation from 'double' to 'const GLfloat'
C:\Users\tuan2\Videos\congxuong\OpenGL\main.cpp(234,110): warning C4305: 'argument': truncation from 'double' to 'const GLfloat'
C:\Users\tuan2\Videos\congxuong\OpenGL\main.cpp(245,34): warning C4305: 'argument': truncation from 'double' to 'const GLfloat'
C:\Users\tuan2\Videos\congxuong\OpenGL\main.cpp(245,58): warning C4305: 'argument': truncation from 'double' to 'const GLfloat'
C:\Users\tuan2\Videos\congxuong\OpenGL\main.cpp(246,44): warning C4305: 'argument': truncation from 'double' to 'GLfloat'
C:\Users\tuan2\Videos\congxuong\OpenGL\main.cpp(254,35): warning C4305: 'argument': truncation from 'double' to 'const GLfloat'
C:\Users\tuan2\Videos\congxuong\OpenGL\main.cpp(254,78): warning C4305: 'argument': truncation from 'double' to 'const GLfloat'
C:\Users\tuan2\Videos\congxuong\OpenGL\main.cpp(255,40): warning C4305: 'argument': truncation from 'double' to 'GLfloat'
C:\Users\tuan2\Videos\congxuong\OpenGL\main.cpp(263,35): warning C4305: 'argument': truncation from 'double' to 'const GLfloat'
C:\Users\tuan2\Videos\congxuong\OpenGL\main.cpp(263,78): warning C4305: 'argument': truncation from 'double' to 'const GLfloat'
C:\Users\tuan2\Videos\congxuong\OpenGL\main.cpp(264,40): warning C4305: 'argument': truncation from 'double' to 'GLfloat'
C:\Users\tuan2\Videos\congxuong\OpenGL\main.cpp(272,34): warning C4305: 'argument': truncation from 'double' to 'const GLfloat'
C:\Users\tuan2\Videos\congxuong\OpenGL\main.cpp(272,58): warning C4305: 'argument': truncation from 'double' to 'const GLfloat'
C:\Users\tuan2\Videos\congxuong\OpenGL\main.cpp(273,44): warning C4305: 'argument': truncation from 'double' to 'GLfloat'
C:\Users\tuan2\Videos\congxuong\OpenGL\main.cpp(281,31): warning C4305: 'argument': truncation from 'double' to 'const GLfloat'
C:\Users\tuan2\Videos\congxuong\OpenGL\main.cpp(281,55): warning C4305: 'argument': truncation from 'double' to 'const GLfloat'
C:\Users\tuan2\Videos\congxuong\OpenGL\main.cpp(282,40): warning C4305: 'argument': truncation from 'double' to 'GLfloat'
C:\Users\tuan2\Videos\congxuong\OpenGL\main.cpp(290,32): warning C4305: 'argument': truncation from 'double' to 'const GLfloat'
C:\Users\tuan2\Videos\congxuong\OpenGL\main.cpp(290,56): warning C4305: 'argument': truncation from 'double' to 'const GLfloat'
C:\Users\tuan2\Videos\congxuong\OpenGL\main.cpp(299,32): warning C4305: 'argument': truncation from 'double' to 'const GLfloat'
C:\Users\tuan2\Videos\congxuong\OpenGL\main.cpp(299,56): warning C4305: 'argument': truncation from 'double' to 'const GLfloat'
C:\Users\tuan2\Videos\congxuong\OpenGL\main.cpp(308,32): warning C4305: 'argument': truncation from 'double' to 'const GLfloat'
C:\Users\tuan2\Videos\congxuong\OpenGL\main.cpp(308,56): warning C4305: 'argument': truncation from 'double' to 'const GLfloat'
C:\Users\tuan2\Videos\congxuong\OpenGL\main.cpp(317,31): warning C4305: 'argument': truncation from 'double' to 'const GLfloat'
C:\Users\tuan2\Videos\congxuong\OpenGL\main.cpp(317,55): warning C4305: 'argument': truncation from 'double' to 'const GLfloat'
C:\Users\tuan2\Videos\congxuong\OpenGL\main.cpp(326,34): warning C4305: 'argument': truncation from 'double' to 'const GLfloat'
C:\Users\tuan2\Videos\congxuong\OpenGL\main.cpp(326,62): warning C4305: 'argument': truncation from 'double' to 'const GLfloat'
C:\Users\tuan2\Videos\congxuong\OpenGL\main.cpp(335,34): warning C4305: 'argument': truncation from 'double' to 'const GLfloat'
C:\Users\tuan2\Videos\congxuong\OpenGL\main.cpp(335,62): warning C4305: 'argument': truncation from 'double' to 'const GLfloat'
C:\Users\tuan2\Videos\congxuong\OpenGL\main.cpp(357,38): warning C4305: 'argument': truncation from 'double' to 'const GLfloat'
C:\Users\tuan2\Videos\congxuong\OpenGL\main.cpp(357,84): warning C4305: 'argument': truncation from 'double' to 'const GLfloat'
C:\Users\tuan2\Videos\congxuong\OpenGL\main.cpp(358,39): warning C4305: 'argument': truncation from 'double' to 'const GLfloat'
C:\Users\tuan2\Videos\congxuong\OpenGL\main.cpp(358,86): warning C4305: 'argument': truncation from 'double' to 'const GLfloat'
C:\Users\tuan2\Videos\congxuong\OpenGL\main.cpp(365,61): warning C4305: 'argument': truncation from 'double' to 'const GLfloat'
C:\Users\tuan2\Videos\congxuong\OpenGL\main.cpp(376,33): warning C4244: 'argument': conversion from 'int' to 'GLfloat', possible loss of data
C:\Users\tuan2\Videos\congxuong\OpenGL\main.cpp(376,37): warning C4305: 'argument': truncation from 'double' to 'GLfloat'
C:\Users\tuan2\Videos\congxuong\OpenGL\main.cpp(380,34): warning C4305: 'argument': truncation from 'double' to 'const GLfloat'
C:\Users\tuan2\Videos\congxuong\OpenGL\main.cpp(380,76): warning C4305: 'argument': truncation from 'double' to 'const GLfloat'
C:\Users\tuan2\Videos\congxuong\OpenGL\main.cpp(389,34): warning C4305: 'argument': truncation from 'double' to 'const GLfloat'
C:\Users\tuan2\Videos\congxuong\OpenGL\main.cpp(389,75): warning C4305: 'argument': truncation from 'double' to 'const GLfloat'
C:\Users\tuan2\Videos\congxuong\OpenGL\main.cpp(398,34): warning C4305: 'argument': truncation from 'double' to 'const GLfloat'
C:\Users\tuan2\Videos\congxuong\OpenGL\main.cpp(398,76): warning C4305: 'argument': truncation from 'double' to 'const GLfloat'
C:\Users\tuan2\Videos\congxuong\OpenGL\main.cpp(407,34): warning C4305: 'argument': truncation from 'double' to 'const GLfloat'
C:\Users\tuan2\Videos\congxuong\OpenGL\main.cpp(407,75): warning C4305: 'argument': truncation from 'double' to 'const GLfloat'
C:\Users\tuan2\Videos\congxuong\OpenGL\main.cpp(429,33): warning C4305: 'argument': truncation from 'double' to 'const GLfloat'
C:\Users\tuan2\Videos\congxuong\OpenGL\main.cpp(429,54): warning C4305: 'argument': truncation from 'double' to 'const GLfloat'
C:\Users\tuan2\Videos\congxuong\OpenGL\main.cpp(430,38): warning C4305: 'argument': truncation from 'double' to 'GLfloat'
C:\Users\tuan2\Videos\congxuong\OpenGL\main.cpp(438,33): warning C4305: 'argument': truncation from 'double' to 'const GLfloat'
C:\Users\tuan2\Videos\congxuong\OpenGL\main.cpp(438,52): warning C4305: 'argument': truncation from 'double' to 'const GLfloat'
C:\Users\tuan2\Videos\congxuong\OpenGL\main.cpp(439,38): warning C4305: 'argument': truncation from 'double' to 'GLfloat'
C:\Users\tuan2\Videos\congxuong\OpenGL\main.cpp(447,36): warning C4305: 'argument': truncation from 'double' to 'const GLfloat'
C:\Users\tuan2\Videos\congxuong\OpenGL\main.cpp(447,57): warning C4305: 'argument': truncation from 'double' to 'const GLfloat'
C:\Users\tuan2\Videos\congxuong\OpenGL\main.cpp(456,36): warning C4305: 'argument': truncation from 'double' to 'const GLfloat'
C:\Users\tuan2\Videos\congxuong\OpenGL\main.cpp(456,57): warning C4305: 'argument': truncation from 'double' to 'const GLfloat'
C:\Users\tuan2\Videos\congxuong\OpenGL\main.cpp(465,34): warning C4305: 'argument': truncation from 'double' to 'const GLfloat'
C:\Users\tuan2\Videos\congxuong\OpenGL\main.cpp(465,55): warning C4305: 'argument': truncation from 'double' to 'const GLfloat'
C:\Users\tuan2\Videos\congxuong\OpenGL\main.cpp(474,60): warning C4305: 'argument': truncation from 'double' to 'const GLfloat'
C:\Users\tuan2\Videos\congxuong\OpenGL\main.cpp(484,35): warning C4305: 'argument': truncation from 'double' to 'const GLfloat'
C:\Users\tuan2\Videos\congxuong\OpenGL\main.cpp(484,56): warning C4305: 'argument': truncation from 'double' to 'const GLfloat'
C:\Users\tuan2\Videos\congxuong\OpenGL\main.cpp(493,35): warning C4305: 'argument': truncation from 'double' to 'const GLfloat'
C:\Users\tuan2\Videos\congxuong\OpenGL\main.cpp(493,56): warning C4305: 'argument': truncation from 'double' to 'const GLfloat'
C:\Users\tuan2\Videos\congxuong\OpenGL\main.cpp(512,33): warning C4305: 'argument': truncation from 'double' to 'const GLfloat'
C:\Users\tuan2\Videos\congxuong\OpenGL\main.cpp(512,56): warning C4305: 'argument': truncation from 'double' to 'const GLfloat'
C:\Users\tuan2\Videos\congxuong\OpenGL\main.cpp(521,33): warning C4305: 'argument': truncation from 'double' to 'const GLfloat'
C:\Users\tuan2\Videos\congxuong\OpenGL\main.cpp(521,56): warning C4305: 'argument': truncation from 'double' to 'const GLfloat'
C:\Users\tuan2\Videos\congxuong\OpenGL\main.cpp(530,33): warning C4305: 'argument': truncation from 'double' to 'const GLfloat'
C:\Users\tuan2\Videos\congxuong\OpenGL\main.cpp(530,56): warning C4305: 'argument': truncation from 'double' to 'const GLfloat'
C:\Users\tuan2\Videos\congxuong\OpenGL\main.cpp(539,33): warning C4305: 'argument': truncation from 'double' to 'const GLfloat'
C:\Users\tuan2\Videos\congxuong\OpenGL\main.cpp(539,56): warning C4305: 'argument': truncation from 'double' to 'const GLfloat'
C:\Users\tuan2\Videos\congxuong\OpenGL\main.cpp(548,32): warning C4305: 'argument': truncation from 'double' to 'const GLfloat'
C:\Users\tuan2\Videos\congxuong\OpenGL\main.cpp(548,54): warning C4305: 'argument': truncation from 'double' to 'const GLfloat'
C:\Users\tuan2\Videos\congxuong\OpenGL\main.cpp(549,38): warning C4305: 'argument': truncation from 'double' to 'GLfloat'
C:\Users\tuan2\Videos\congxuong\OpenGL\main.cpp(559,33): warning C4244: 'argument': conversion from 'double' to 'const GLfloat', possible loss of data
C:\Users\tuan2\Videos\congxuong\OpenGL\main.cpp(559,41): warning C4305: 'argument': truncation from 'double' to 'const GLfloat'
C:\Users\tuan2\Videos\congxuong\OpenGL\main.cpp(559,66): warning C4305: 'argument': truncation from 'double' to 'const GLfloat'
C:\Users\tuan2\Videos\congxuong\OpenGL\main.cpp(568,34): warning C4244: 'argument': conversion from 'double' to 'const GLfloat', possible loss of data
C:\Users\tuan2\Videos\congxuong\OpenGL\main.cpp(568,42): warning C4305: 'argument': truncation from 'double' to 'const GLfloat'
C:\Users\tuan2\Videos\congxuong\OpenGL\main.cpp(568,67): warning C4305: 'argument': truncation from 'double' to 'const GLfloat'
C:\Users\tuan2\Videos\congxuong\OpenGL\main.cpp(577,34): warning C4244: 'argument': conversion from 'double' to 'const GLfloat', possible loss of data
C:\Users\tuan2\Videos\congxuong\OpenGL\main.cpp(577,42): warning C4305: 'argument': truncation from 'double' to 'const GLfloat'
C:\Users\tuan2\Videos\congxuong\OpenGL\main.cpp(577,67): warning C4305: 'argument': truncation from 'double' to 'const GLfloat'
C:\Users\tuan2\Videos\congxuong\OpenGL\main.cpp(587,33): warning C4244: 'argument': conversion from 'double' to 'const GLfloat', possible loss of data
C:\Users\tuan2\Videos\congxuong\OpenGL\main.cpp(587,41): warning C4305: 'argument': truncation from 'double' to 'const GLfloat'
C:\Users\tuan2\Videos\congxuong\OpenGL\main.cpp(587,65): warning C4305: 'argument': truncation from 'double' to 'const GLfloat'
C:\Users\tuan2\Videos\congxuong\OpenGL\main.cpp(596,60): warning C4305: 'argument': truncation from 'double' to 'const GLfloat'
C:\Users\tuan2\Videos\congxuong\OpenGL\main.cpp(613,28): warning C4244: 'argument': conversion from 'int' to 'GLfloat', possible loss of data
C:\Users\tuan2\Videos\congxuong\OpenGL\main.cpp(613,32): warning C4305: 'argument': truncation from 'double' to 'GLfloat'
C:\Users\tuan2\Videos\congxuong\OpenGL\main.cpp(622,36): warning C4244: 'argument': conversion from 'int' to 'GLfloat', possible loss of data
C:\Users\tuan2\Videos\congxuong\OpenGL\main.cpp(622,40): warning C4305: 'argument': truncation from 'double' to 'GLfloat'
C:\Users\tuan2\Videos\congxuong\OpenGL\main.cpp(623,36): warning C4244: 'argument': conversion from 'int' to 'GLfloat', possible loss of data
C:\Users\tuan2\Videos\congxuong\OpenGL\main.cpp(623,40): warning C4305: 'argument': truncation from 'double' to 'GLfloat'
C:\Users\tuan2\Videos\congxuong\OpenGL\main.cpp(624,36): warning C4244: 'argument': conversion from 'int' to 'GLfloat', possible loss of data
C:\Users\tuan2\Videos\congxuong\OpenGL\main.cpp(624,40): warning C4305: 'argument': truncation from 'double' to 'GLfloat'
C:\Users\tuan2\Videos\congxuong\OpenGL\main.cpp(625,36): warning C4244: 'argument': conversion from 'int' to 'GLfloat', possible loss of data
C:\Users\tuan2\Videos\congxuong\OpenGL\main.cpp(625,40): warning C4305: 'argument': truncation from 'double' to 'GLfloat'
C:\Users\tuan2\Videos\congxuong\OpenGL\main.cpp(626,29): warning C4244: 'argument': conversion from 'int' to 'GLfloat', possible loss of data
C:\Users\tuan2\Videos\congxuong\OpenGL\main.cpp(626,33): warning C4305: 'argument': truncation from 'double' to 'GLfloat'
C:\Users\tuan2\Videos\congxuong\OpenGL\main.cpp(634,65): warning C4305: 'argument': truncation from 'double' to 'const GLfloat'
C:\Users\tuan2\Videos\congxuong\OpenGL\main.cpp(646,33): warning C4305: 'argument': truncation from 'double' to 'const GLfloat'
C:\Users\tuan2\Videos\congxuong\OpenGL\main.cpp(646,55): warning C4305: 'argument': truncation from 'double' to 'const GLfloat'
C:\Users\tuan2\Videos\congxuong\OpenGL\main.cpp(647,38): warning C4305: 'argument': truncation from 'double' to 'GLfloat'
C:\Users\tuan2\Videos\congxuong\OpenGL\main.cpp(655,35): warning C4305: 'argument': truncation from 'double' to 'const GLfloat'
C:\Users\tuan2\Videos\congxuong\OpenGL\main.cpp(655,59): warning C4305: 'argument': truncation from 'double' to 'const GLfloat'
C:\Users\tuan2\Videos\congxuong\OpenGL\main.cpp(656,38): warning C4305: 'argument': truncation from 'double' to 'GLfloat'
C:\Users\tuan2\Videos\congxuong\OpenGL\main.cpp(664,35): warning C4305: 'argument': truncation from 'double' to 'const GLfloat'
C:\Users\tuan2\Videos\congxuong\OpenGL\main.cpp(664,59): warning C4305: 'argument': truncation from 'double' to 'const GLfloat'
C:\Users\tuan2\Videos\congxuong\OpenGL\main.cpp(665,38): warning C4305: 'argument': truncation from 'double' to 'GLfloat'
C:\Users\tuan2\Videos\congxuong\OpenGL\main.cpp(673,35): warning C4305: 'argument': truncation from 'double' to 'const GLfloat'
C:\Users\tuan2\Videos\congxuong\OpenGL\main.cpp(673,59): warning C4305: 'argument': truncation from 'double' to 'const GLfloat'
C:\Users\tuan2\Videos\congxuong\OpenGL\main.cpp(674,38): warning C4305: 'argument': truncation from 'double' to 'GLfloat'
C:\Users\tuan2\Videos\congxuong\OpenGL\main.cpp(682,35): warning C4305: 'argument': truncation from 'double' to 'const GLfloat'
C:\Users\tuan2\Videos\congxuong\OpenGL\main.cpp(682,59): warning C4305: 'argument': truncation from 'double' to 'const GLfloat'
C:\Users\tuan2\Videos\congxuong\OpenGL\main.cpp(683,38): warning C4305: 'argument': truncation from 'double' to 'GLfloat'
C:\Users\tuan2\Videos\congxuong\OpenGL\main.cpp(691,33): warning C4305: 'argument': truncation from 'double' to 'const GLfloat'
C:\Users\tuan2\Videos\congxuong\OpenGL\main.cpp(691,57): warning C4305: 'argument': truncation from 'double' to 'const GLfloat'
C:\Users\tuan2\Videos\congxuong\OpenGL\main.cpp(692,38): warning C4305: 'argument': truncation from 'double' to 'GLfloat'
C:\Users\tuan2\Videos\congxuong\OpenGL\main.cpp(700,35): warning C4305: 'argument': truncation from 'double' to 'const GLfloat'
C:\Users\tuan2\Videos\congxuong\OpenGL\main.cpp(700,60): warning C4305: 'argument': truncation from 'double' to 'const GLfloat'
C:\Users\tuan2\Videos\congxuong\OpenGL\main.cpp(701,40): warning C4305: 'argument': truncation from 'double' to 'GLfloat'
C:\Users\tuan2\Videos\congxuong\OpenGL\main.cpp(709,35): warning C4305: 'argument': truncation from 'double' to 'const GLfloat'
C:\Users\tuan2\Videos\congxuong\OpenGL\main.cpp(709,60): warning C4305: 'argument': truncation from 'double' to 'const GLfloat'
C:\Users\tuan2\Videos\congxuong\OpenGL\main.cpp(710,40): warning C4305: 'argument': truncation from 'double' to 'GLfloat'
C:\Users\tuan2\Videos\congxuong\OpenGL\main.cpp(718,35): warning C4305: 'argument': truncation from 'double' to 'const GLfloat'
C:\Users\tuan2\Videos\congxuong\OpenGL\main.cpp(718,60): warning C4305: 'argument': truncation from 'double' to 'const GLfloat'
C:\Users\tuan2\Videos\congxuong\OpenGL\main.cpp(719,40): warning C4305: 'argument': truncation from 'double' to 'GLfloat'
C:\Users\tuan2\Videos\congxuong\OpenGL\main.cpp(727,35): warning C4305: 'argument': truncation from 'double' to 'const GLfloat'
C:\Users\tuan2\Videos\congxuong\OpenGL\main.cpp(727,60): warning C4305: 'argument': truncation from 'double' to 'const GLfloat'
C:\Users\tuan2\Videos\congxuong\OpenGL\main.cpp(728,40): warning C4305: 'argument': truncation from 'double' to 'GLfloat'
C:\Users\tuan2\Videos\congxuong\OpenGL\main.cpp(736,32): warning C4305: 'argument': truncation from 'double' to 'const GLfloat'
C:\Users\tuan2\Videos\congxuong\OpenGL\main.cpp(736,56): warning C4305: 'argument': truncation from 'double' to 'const GLfloat'
C:\Users\tuan2\Videos\congxuong\OpenGL\main.cpp(737,40): warning C4305: 'argument': truncation from 'double' to 'GLfloat'
C:\Users\tuan2\Videos\congxuong\OpenGL\main.cpp(756,60): warning C4305: 'argument': truncation from 'double' to 'const GLfloat'
C:\Users\tuan2\Videos\congxuong\OpenGL\main.cpp(761,34): warning C4305: 'argument': truncation from 'double' to 'const GLfloat'
C:\Users\tuan2\Videos\congxuong\OpenGL\main.cpp(761,57): warning C4305: 'argument': truncation from 'double' to 'const GLfloat'
C:\Users\tuan2\Videos\congxuong\OpenGL\main.cpp(770,34): warning C4305: 'argument': truncation from 'double' to 'const GLfloat'
C:\Users\tuan2\Videos\congxuong\OpenGL\main.cpp(770,57): warning C4305: 'argument': truncation from 'double' to 'const GLfloat'
C:\Users\tuan2\Videos\congxuong\OpenGL\main.cpp(779,33): warning C4305: 'argument': truncation from 'double' to 'const GLfloat'
C:\Users\tuan2\Videos\congxuong\OpenGL\main.cpp(779,70): warning C4305: 'argument': truncation from 'double' to 'const GLfloat'
C:\Users\tuan2\Videos\congxuong\OpenGL\main.cpp(788,60): warning C4305: 'argument': truncation from 'double' to 'const GLfloat'
C:\Users\tuan2\Videos\congxuong\OpenGL\main.cpp(789,43): warning C4305: 'argument': truncation from 'double' to 'GLfloat'
C:\Users\tuan2\Videos\congxuong\OpenGL\main.cpp(798,62): warning C4305: 'argument': truncation from 'double' to 'const GLfloat'
C:\Users\tuan2\Videos\congxuong\OpenGL\main.cpp(808,60): warning C4305: 'argument': truncation from 'double' to 'const GLfloat'
C:\Users\tuan2\Videos\congxuong\OpenGL\main.cpp(809,40): warning C4305: 'argument': truncation from 'double' to 'GLfloat'
C:\Users\tuan2\Videos\congxuong\OpenGL\main.cpp(818,33): warning C4305: 'argument': truncation from 'double' to 'const GLfloat'
C:\Users\tuan2\Videos\congxuong\OpenGL\main.cpp(818,56): warning C4305: 'argument': truncation from 'double' to 'const GLfloat'
C:\Users\tuan2\Videos\congxuong\OpenGL\main.cpp(832,33): warning C4244: 'argument': conversion from 'int' to 'GLfloat', possible loss of data
C:\Users\tuan2\Videos\congxuong\OpenGL\main.cpp(832,37): warning C4305: 'argument': truncation from 'double' to 'GLfloat'
C:\Users\tuan2\Videos\congxuong\OpenGL\main.cpp(833,33): warning C4244: 'argument': conversion from 'int' to 'GLfloat', possible loss of data
C:\Users\tuan2\Videos\congxuong\OpenGL\main.cpp(833,37): warning C4305: 'argument': truncation from 'double' to 'GLfloat'
C:\Users\tuan2\Videos\congxuong\OpenGL\main.cpp(834,32): warning C4244: 'argument': conversion from 'int' to 'GLfloat', possible loss of data
C:\Users\tuan2\Videos\congxuong\OpenGL\main.cpp(834,36): warning C4305: 'argument': truncation from 'double' to 'GLfloat'
C:\Users\tuan2\Videos\congxuong\OpenGL\main.cpp(838,66): warning C4305: 'argument': truncation from 'double' to 'const GLfloat'
C:\Users\tuan2\Videos\congxuong\OpenGL\main.cpp(844,31): warning C4305: 'argument': truncation from 'double' to 'const GLfloat'
C:\Users\tuan2\Videos\congxuong\OpenGL\main.cpp(846,45): warning C4305: 'argument': truncation from 'double' to 'GLfloat'
C:\Users\tuan2\Videos\congxuong\OpenGL\main.cpp(856,31): warning C4305: 'argument': truncation from 'double' to 'const GLfloat'
C:\Users\tuan2\Videos\congxuong\OpenGL\main.cpp(856,91): warning C4305: 'argument': truncation from 'double' to 'const GLfloat'
C:\Users\tuan2\Videos\congxuong\OpenGL\main.cpp(856,145): warning C4305: 'argument': truncation from 'double' to 'const GLfloat'
C:\Users\tuan2\Videos\congxuong\OpenGL\main.cpp(858,42): warning C4305: 'argument': truncation from 'double' to 'GLfloat'
C:\Users\tuan2\Videos\congxuong\OpenGL\main.cpp(867,31): warning C4305: 'argument': truncation from 'double' to 'const GLfloat'
C:\Users\tuan2\Videos\congxuong\OpenGL\main.cpp(867,91): warning C4305: 'argument': truncation from 'double' to 'const GLfloat'
C:\Users\tuan2\Videos\congxuong\OpenGL\main.cpp(867,145): warning C4305: 'argument': truncation from 'double' to 'const GLfloat'
C:\Users\tuan2\Videos\congxuong\OpenGL\main.cpp(869,42): warning C4305: 'argument': truncation from 'double' to 'GLfloat'
C:\Users\tuan2\Videos\congxuong\OpenGL\main.cpp(878,32): warning C4305: 'argument': truncation from 'double' to 'const GLfloat'
C:\Users\tuan2\Videos\congxuong\OpenGL\main.cpp(880,45): warning C4305: 'argument': truncation from 'double' to 'GLfloat'
C:\Users\tuan2\Videos\congxuong\OpenGL\main.cpp(890,39): warning C4305: 'argument': truncation from 'double' to 'const GLfloat'
C:\Users\tuan2\Videos\congxuong\OpenGL\main.cpp(890,22): warning C4244: 'argument': conversion from 'double' to 'const GLfloat', possible loss of data
C:\Users\tuan2\Videos\congxuong\OpenGL\main.cpp(901,32): warning C4305: 'argument': truncation from 'double' to 'const GLfloat'
C:\Users\tuan2\Videos\congxuong\OpenGL\main.cpp(903,42): warning C4305: 'argument': truncation from 'double' to 'GLfloat'
C:\Users\tuan2\Videos\congxuong\OpenGL\main.cpp(912,32): warning C4305: 'argument': truncation from 'double' to 'const GLfloat'
C:\Users\tuan2\Videos\congxuong\OpenGL\main.cpp(914,45): warning C4305: 'argument': truncation from 'double' to 'GLfloat'
C:\Users\tuan2\Videos\congxuong\OpenGL\main.cpp(924,31): warning C4305: 'argument': truncation from 'double' to 'const GLfloat'
C:\Users\tuan2\Videos\congxuong\OpenGL\main.cpp(926,45): warning C4305: 'argument': truncation from 'double' to 'GLfloat'
C:\Users\tuan2\Videos\congxuong\OpenGL\main.cpp(936,31): warning C4305: 'argument': truncation from 'double' to 'const GLfloat'
C:\Users\tuan2\Videos\congxuong\OpenGL\main.cpp(936,94): warning C4305: 'argument': truncation from 'double' to 'const GLfloat'
C:\Users\tuan2\Videos\congxuong\OpenGL\main.cpp(936,147): warning C4305: 'argument': truncation from 'double' to 'const GLfloat'
C:\Users\tuan2\Videos\congxuong\OpenGL\main.cpp(938,42): warning C4305: 'argument': truncation from 'double' to 'GLfloat'
C:\Users\tuan2\Videos\congxuong\OpenGL\main.cpp(947,32): warning C4305: 'argument': truncation from 'double' to 'const GLfloat'
C:\Users\tuan2\Videos\congxuong\OpenGL\main.cpp(949,42): warning C4305: 'argument': truncation from 'double' to 'GLfloat'
C:\Users\tuan2\Videos\congxuong\OpenGL\main.cpp(958,33): warning C4305: 'argument': truncation from 'double' to 'const GLfloat'
C:\Users\tuan2\Videos\congxuong\OpenGL\main.cpp(960,42): warning C4305: 'argument': truncation from 'double' to 'GLfloat'
C:\Users\tuan2\Videos\congxuong\OpenGL\main.cpp(969,31): warning C4305: 'argument': truncation from 'double' to 'const GLfloat'
C:\Users\tuan2\Videos\congxuong\OpenGL\main.cpp(971,42): warning C4305: 'argument': truncation from 'double' to 'GLfloat'
C:\Users\tuan2\Videos\congxuong\OpenGL\main.cpp(985,33): warning C4305: 'argument': truncation from 'double' to 'const GLfloat'
C:\Users\tuan2\Videos\congxuong\OpenGL\main.cpp(1006,32): warning C4305: 'argument': truncation from 'double' to 'const GLfloat'
C:\Users\tuan2\Videos\congxuong\OpenGL\main.cpp(1014,53): warning C4305: 'argument': truncation from 'double' to 'const GLfloat'
C:\Users\tuan2\Videos\congxuong\OpenGL\main.cpp(1022,53): warning C4305: 'argument': truncation from 'double' to 'const GLfloat'
C:\Users\tuan2\Videos\congxuong\OpenGL\main.cpp(1030,53): warning C4305: 'argument': truncation from 'double' to 'const GLfloat'
C:\Users\tuan2\Videos\congxuong\OpenGL\main.cpp(1044,54): warning C4305: 'argument': truncation from 'double' to 'const GLfloat'
C:\Users\tuan2\Videos\congxuong\OpenGL\main.cpp(1056,54): warning C4305: 'argument': truncation from 'double' to 'const GLfloat'
C:\Users\tuan2\Videos\congxuong\OpenGL\main.cpp(1070,48): warning C4305: 'argument': truncation from 'double' to 'const GLfloat'
C:\Users\tuan2\Videos\congxuong\OpenGL\main.cpp(1080,50): warning C4305: 'argument': truncation from 'double' to 'const GLfloat'
C:\Users\tuan2\Videos\congxuong\OpenGL\main.cpp(1084,56): warning C4305: 'argument': truncation from 'double' to 'const GLfloat'
C:\Users\tuan2\Videos\congxuong\OpenGL\main.cpp(1095,48): warning C4305: 'argument': truncation from 'double' to 'const GLfloat'
C:\Users\tuan2\Videos\congxuong\OpenGL\main.cpp(1105,50): warning C4305: 'argument': truncation from 'double' to 'const GLfloat'
C:\Users\tuan2\Videos\congxuong\OpenGL\main.cpp(1109,56): warning C4305: 'argument': truncation from 'double' to 'const GLfloat'
C:\Users\tuan2\Videos\congxuong\OpenGL\main.cpp(1118,17): warning C4305: 'argument': truncation from 'double' to 'GLfloat'
C:\Users\tuan2\Videos\congxuong\OpenGL\main.cpp(1119,18): warning C4305: 'argument': truncation from 'double' to 'GLfloat'
C:\Users\tuan2\Videos\congxuong\OpenGL\main.cpp(1132,41): warning C4305: 'argument': truncation from 'double' to 'const GLfloat'
C:\Users\tuan2\Videos\congxuong\OpenGL\main.cpp(1132,90): warning C4305: 'argument': truncation from 'double' to 'const GLfloat'
C:\Users\tuan2\Videos\congxuong\OpenGL\main.cpp(1133,60): warning C4305: 'argument': truncation from 'double' to 'GLfloat'
C:\Users\tuan2\Videos\congxuong\OpenGL\main.cpp(1134,41): warning C4305: 'argument': truncation from 'double' to 'const GLfloat'
C:\Users\tuan2\Videos\congxuong\OpenGL\main.cpp(1134,91): warning C4305: 'argument': truncation from 'double' to 'const GLfloat'
C:\Users\tuan2\Videos\congxuong\OpenGL\main.cpp(1135,61): warning C4305: 'argument': truncation from 'double' to 'GLfloat'
C:\Users\tuan2\Videos\congxuong\OpenGL\main.cpp(1141,42): warning C4305: 'argument': truncation from 'double' to 'const GLfloat'
C:\Users\tuan2\Videos\congxuong\OpenGL\main.cpp(1141,91): warning C4305: 'argument': truncation from 'double' to 'const GLfloat'
C:\Users\tuan2\Videos\congxuong\OpenGL\main.cpp(1142,63): warning C4305: 'argument': truncation from 'double' to 'GLfloat'
C:\Users\tuan2\Videos\congxuong\OpenGL\main.cpp(1143,42): warning C4305: 'argument': truncation from 'double' to 'const GLfloat'
C:\Users\tuan2\Videos\congxuong\OpenGL\main.cpp(1143,92): warning C4305: 'argument': truncation from 'double' to 'const GLfloat'
C:\Users\tuan2\Videos\congxuong\OpenGL\main.cpp(1144,62): warning C4305: 'argument': truncation from 'double' to 'GLfloat'
C:\Users\tuan2\Videos\congxuong\OpenGL\main.cpp(1148,43): warning C4305: 'argument': truncation from 'double' to 'const GLfloat'
C:\Users\tuan2\Videos\congxuong\OpenGL\main.cpp(1149,67): warning C4305: 'argument': truncation from 'double' to 'GLfloat'
C:\Users\tuan2\Videos\congxuong\OpenGL\main.cpp(1150,43): warning C4305: 'argument': truncation from 'double' to 'const GLfloat'
C:\Users\tuan2\Videos\congxuong\OpenGL\main.cpp(1151,66): warning C4305: 'argument': truncation from 'double' to 'GLfloat'
C:\Users\tuan2\Videos\congxuong\OpenGL\main.cpp(1155,41): warning C4305: 'argument': truncation from 'double' to 'const GLfloat'
C:\Users\tuan2\Videos\congxuong\OpenGL\main.cpp(1155,89): warning C4305: 'argument': truncation from 'double' to 'const GLfloat'
C:\Users\tuan2\Videos\congxuong\OpenGL\main.cpp(1156,60): warning C4305: 'argument': truncation from 'double' to 'GLfloat'
C:\Users\tuan2\Videos\congxuong\OpenGL\main.cpp(1157,41): warning C4305: 'argument': truncation from 'double' to 'const GLfloat'
C:\Users\tuan2\Videos\congxuong\OpenGL\main.cpp(1157,89): warning C4305: 'argument': truncation from 'double' to 'const GLfloat'
C:\Users\tuan2\Videos\congxuong\OpenGL\main.cpp(1158,61): warning C4305: 'argument': truncation from 'double' to 'GLfloat'
C:\Users\tuan2\Videos\congxuong\OpenGL\main.cpp(1162,41): warning C4305: 'argument': truncation from 'double' to 'const GLfloat'
C:\Users\tuan2\Videos\congxuong\OpenGL\main.cpp(1162,93): warning C4305: 'argument': truncation from 'double' to 'const GLfloat'
C:\Users\tuan2\Videos\congxuong\OpenGL\main.cpp(1163,60): warning C4305: 'argument': truncation from 'double' to 'GLfloat'
C:\Users\tuan2\Videos\congxuong\OpenGL\main.cpp(1164,41): warning C4305: 'argument': truncation from 'double' to 'const GLfloat'
C:\Users\tuan2\Videos\congxuong\OpenGL\main.cpp(1164,93): warning C4305: 'argument': truncation from 'double' to 'const GLfloat'
C:\Users\tuan2\Videos\congxuong\OpenGL\main.cpp(1165,61): warning C4305: 'argument': truncation from 'double' to 'GLfloat'
C:\Users\tuan2\Videos\congxuong\OpenGL\main.cpp(1169,30): warning C4305: 'initializing': truncation from 'double' to 'float'
C:\Users\tuan2\Videos\congxuong\OpenGL\main.cpp(1170,25): warning C4305: 'initializing': truncation from 'double' to 'float'
C:\Users\tuan2\Videos\congxuong\OpenGL\main.cpp(1181,37): warning C4305: 'argument': truncation from 'double' to 'const GLfloat'
C:\Users\tuan2\Videos\congxuong\OpenGL\main.cpp(1183,11): warning C4244: 'argument': conversion from 'int' to 'const GLfloat', possible loss of data
C:\Users\tuan2\Videos\congxuong\OpenGL\main.cpp(1185,29): warning C4305: 'argument': truncation from 'double' to 'const GLfloat'
C:\Users\tuan2\Videos\congxuong\OpenGL\main.cpp(1193,36): warning C4305: 'argument': truncation from 'double' to 'const GLfloat'
C:\Users\tuan2\Videos\congxuong\OpenGL\main.cpp(1195,11): warning C4244: 'argument': conversion from 'int' to 'const GLfloat', possible loss of data
C:\Users\tuan2\Videos\congxuong\OpenGL\main.cpp(1197,29): warning C4305: 'argument': truncation from 'double' to 'const GLfloat'
C:\Users\tuan2\Videos\congxuong\OpenGL\main.cpp(1205,36): warning C4305: 'argument': truncation from 'double' to 'const GLfloat'
C:\Users\tuan2\Videos\congxuong\OpenGL\main.cpp(1207,11): warning C4244: 'argument': conversion from 'int' to 'const GLfloat', possible loss of data
C:\Users\tuan2\Videos\congxuong\OpenGL\main.cpp(1209,29): warning C4305: 'argument': truncation from 'double' to 'const GLfloat'
C:\Users\tuan2\Videos\congxuong\OpenGL\main.cpp(1222,38): warning C4305: 'argument': truncation from 'double' to 'const GLfloat'
C:\Users\tuan2\Videos\congxuong\OpenGL\main.cpp(1224,29): warning C4305: 'argument': truncation from 'double' to 'const GLfloat'
C:\Users\tuan2\Videos\congxuong\OpenGL\main.cpp(1231,39): warning C4305: 'argument': truncation from 'double' to 'const GLfloat'
C:\Users\tuan2\Videos\congxuong\OpenGL\main.cpp(1233,29): warning C4305: 'argument': truncation from 'double' to 'const GLfloat'
C:\Users\tuan2\Videos\congxuong\OpenGL\main.cpp(1250,30): warning C4305: '+=': truncation from 'double' to 'float'
C:\Users\tuan2\Videos\congxuong\OpenGL\main.cpp(1284,18): warning C4305: '-=': truncation from 'double' to 'float'
C:\Users\tuan2\Videos\congxuong\OpenGL\main.cpp(1288,18): warning C4305: '+=': truncation from 'double' to 'float'
C:\Users\tuan2\Videos\congxuong\OpenGL\main.cpp(1342,34): warning C4305: 'argument': truncation from 'double' to 'const GLfloat'
C:\Users\tuan2\Videos\congxuong\OpenGL\main.cpp(1342,80): warning C4305: 'argument': truncation from 'double' to 'const GLfloat'
C:\Users\tuan2\Videos\congxuong\OpenGL\main.cpp(1364,25): warning C4305: '-=': truncation from 'double' to 'GLfloat'
C:\Users\tuan2\Videos\congxuong\OpenGL\main.cpp(1365,21): warning C4305: '-=': truncation from 'double' to 'GLfloat'
C:\Users\tuan2\Videos\congxuong\OpenGL\main.cpp(1437,20): warning C4305: '-=': truncation from 'double' to 'GLfloat'
C:\Users\tuan2\Videos\congxuong\OpenGL\main.cpp(1438,44): warning C4305: '=': truncation from 'double' to 'GLfloat'
C:\Users\tuan2\Videos\congxuong\OpenGL\main.cpp(1442,20): warning C4305: '+=': truncation from 'double' to 'GLfloat'
C:\Users\tuan2\Videos\congxuong\OpenGL\main.cpp(1447,22): warning C4305: '-=': truncation from 'double' to 'GLfloat'
C:\Users\tuan2\Videos\congxuong\OpenGL\main.cpp(1452,46): warning C4305: '+=': truncation from 'double' to 'GLfloat'
C:\Users\tuan2\Videos\congxuong\OpenGL\main.cpp(1456,22): warning C4305: '+=': truncation from 'double' to 'GLfloat'
C:\Users\tuan2\Videos\congxuong\OpenGL\main.cpp(1461,22): warning C4305: '-=': truncation from 'double' to 'GLfloat'
C:\Users\tuan2\Videos\congxuong\OpenGL\main.cpp(1486,13): warning C4305: '+=': truncation from 'double' to 'float'
C:\Users\tuan2\Videos\congxuong\OpenGL\main.cpp(1491,13): warning C4305: '-=': truncation from 'double' to 'float'
  Generating Code...
  OpenGL.vcxproj -> C:\Users\tuan2\Videos\congxuong\Debug\OpenGL.exe
